0000000000000000000000000000000011111111000000000000000000000000
0000000000000000000000000000000011111110000000000000000000000000
0000000000000000000000000000000000000000000000000000000000000000
0000000000000000000000000000000010000000000000000000000000000000
0000000000000000000000000000000001111111100000000000000000000000
0000000000000000000000000000000000000000111111110000000000000000
0000000000000000000000000000000000000000000000000000000000000000
11111111000000000000000011111111
11111110000000000000000111111110
00000000000000001111111100000000
10000000000000000000000000000000
01111111100000000000000001111111
00000000111111110000000000000000
00000000000000000000000000000001
1111111100000000
1111111000000000
0000000000000000
0111111110000000
0000000011111111
0000000000000000
01000001
10000010
00000000
00100000
00000000
