size of structure 0 == 8
byte samples: 00 B9 B9 95 B6 B6 95 00 B6 80 
size of structure 1 == 8
byte samples: 1B 8B 89 89 CE CD 74 74 8B CD 
size of structure 2 == 12
byte samples: 28 DC 50 04 00 28 E0 28 B0 B0 
size of structure 3 == 12
byte samples: 9E C8 6A AE 9E 8D AE 90 90 C0 
size of structure 4 == 12
byte samples: 00 FF FF 00 08 08 00 C8 C8 00 
size of structure 5 == 12
byte samples: E4 D0 00 B1 E1 D0 F9 00 03 F8 
size of structure 6 == 12
byte samples: 1F 00 FF E7 B3 80 1F FF 80 68 
size of structure 7 == 12
byte samples: 00 88 00 0D 0D 00 48 81 F4 00 
size of structure 8 == 8
byte samples: C5 B2 C5 35 40 BA 00 35 B2 C5 
size of structure 9 == 12
byte samples: CE 7B 8C C8 8C 8C 40 C8 40 8C 
