size of structure 0 == 8
byte samples: 00 CA CA DC B6 B6 DC 00 B6 05 
size of structure 1 == 8
byte samples: D7 DB 24 24 4C BC E1 E1 DB BC 
size of structure 2 == 12
byte samples: 50 6E 28 69 00 50 00 50 D2 D2 
size of structure 3 == 12
byte samples: 91 6D 59 74 91 B8 74 02 02 00 
size of structure 4 == 12
byte samples: 00 FE FE 00 20 20 00 0F 0F 00 
size of structure 5 == 12
byte samples: 38 74 00 03 39 74 48 00 B1 09 
size of structure 6 == 12
byte samples: CF 01 FE 3E 68 07 CF FE 07 B3 
size of structure 7 == 12
byte samples: 00 11 00 2F 2F 00 7A 39 A4 00 
size of structure 8 == 8
byte samples: 6B 57 6B 8B 02 56 00 8B 57 6B 
size of structure 9 == 12
byte samples: A3 72 F3 C9 F3 F3 03 1E 03 F3 
